<?xml version="1.0" encoding="UTF-8" ?>
<testsuite tests="1" failures="0" name="com.georghs.vertx.exchange.BasicWebVerticleTest" time="0.002" errors="0" skipped="0">
  <properties>
    <property name="java.runtime.name" value="OpenJDK Runtime Environment"/>
    <property name="sun.boot.library.path" value="C:\Program Files\Java\jdk8u242-b08\jre\bin"/>
    <property name="java.vm.version" value="25.242-b08"/>
    <property name="java.vm.vendor" value=""/>
    <property name="maven.multiModuleProjectDirectory" value="C:\Users\hertzg\Documents\GitHub\Preisfindung_Aktie_Auktionsphase\Exchange"/>
    <property name="java.vendor.url" value="http://java.oracle.com/"/>
    <property name="path.separator" value=";"/>
    <property name="guice.disable.misplaced.annotation.check" value="true"/>
    <property name="java.vm.name" value="OpenJDK 64-Bit Server VM"/>
    <property name="file.encoding.pkg" value="sun.io"/>
    <property name="user.script" value=""/>
    <property name="user.country" value="DE"/>
    <property name="sun.java.launcher" value="SUN_STANDARD"/>
    <property name="sun.os.patch.level" value=""/>
    <property name="java.vm.specification.name" value="Java Virtual Machine Specification"/>
    <property name="user.dir" value="C:\Users\hertzg\Documents\GitHub\Preisfindung_Aktie_Auktionsphase\Exchange"/>
    <property name="java.runtime.version" value="1.8.0_242-b08"/>
    <property name="java.awt.graphicsenv" value="sun.awt.Win32GraphicsEnvironment"/>
    <property name="java.endorsed.dirs" value="C:\Program Files\Java\jdk8u242-b08\jre\lib\endorsed"/>
    <property name="os.arch" value="amd64"/>
    <property name="java.io.tmpdir" value="C:\Users\hertzg\AppData\Local\Temp\"/>
    <property name="line.separator" value="
"/>
    <property name="java.vm.specification.vendor" value="Oracle Corporation"/>
    <property name="user.variant" value=""/>
    <property name="os.name" value="Windows 10"/>
    <property name="classworlds.conf" value="C:\Users\hertzg\Documents\DHBW Projekt\AdvancedSoftwareEngineering\UdemyVertexClass\basicweb\.metadata\.plugins\org.eclipse.m2e.launching\launches\m2conf1575375434703312103.tmp"/>
    <property name="sun.jnu.encoding" value="Cp1252"/>
    <property name="java.library.path" value="C:\Program Files\Java\jdk8u242-b08\bin;C:\WINDOWS\Sun\Java\bin;C:\WINDOWS\system32;C:\WINDOWS;C:/Program Files/Java/jdk8u242-b08/bin/../jre/bin/server;C:/Program Files/Java/jdk8u242-b08/bin/../jre/bin;C:/Program Files/Java/jdk8u242-b08/bin/../jre/lib/amd64;C:\WINDOWS\system32;C:\WINDOWS;C:\WINDOWS\System32\Wbem;C:\WINDOWS\System32\WindowsPowerShell\v1.0\;C:\WINDOWS\System32\OpenSSH\;C:\Program Files\Java\jdk-11.0.1+13\bin;C:\Users\hertzg\AppData\Local\Programs\Python\Python38-32;C:\Program Files\PuTTY\;C:\Users\hertzg\AppData\Local\Programs\Python\Python38-32\Scripts;C:\Program Files\nodejs\;C:\Program Files\dotnet\;C:\Go\bin;C:\proto3\bin;C:\Program Files\TortoiseHg\;C:\Program Files\MongoDB\Server\4.4\bin;C:\Program Files (x86)\Pulse Secure\VC142.CRT\X64\;C:\Program Files (x86)\Pulse Secure\VC142.CRT\X86\;C:\Users\hertzg\gradle-6.7.1\bin;C:\Users\hertzg\Documents\Lernstoff\apache-maven-3.6.3\bin;C:\dev\mgiJLizzi_workspace\Standard-Wildfly\wildfly-15.0.0.Final\bin;;C:\Program Files\Docker\Docker\resources\bin;C:\ProgramData\DockerDesktop\version-bin;C:\Users\hertzg\AppData\Local\Microsoft\WindowsApps;C:\Program Files\JetBrains\IntelliJ IDEA Community Edition 2020.2\bin;C:\Program Files\Java\jdk-11.0.1+13;C:\Users\hertzg\AppData\Local\GitHubDesktop\bin;C:\Users\hertzg\AppData\Local\Programs\Git\cmd;C:\Users\hertzg\AppData\Local\Programs\Microsoft VS Code\bin;C:\Program Files\JetBrains\PyCharm Community Edition 2020.2\bin;;C:\Users\hertzg\AppData\Local\Programs\Python\Python38-32\Scripts;C:\Users\hertzg\AppData\Roaming\npm;C:\Users\hertzg\.dotnet\tools;C:\Users\hertzg\go\bin;C:\proto3\bin;C:\Program Files\MongoDB\Server\4.4\bin;C:\Users\hertzg\gradle-6.7.1\bin;C:\Users\hertzg\Documents\Lernstoff\apache-maven-3.6.3\bin;;C:\Users\hertzg\AppData\Local\Microsoft\WindowsApps;C:\Users\hertzg\Documents\Lernstoff\eclipse;;."/>
    <property name="java.specification.name" value="Java Platform API Specification"/>
    <property name="java.class.version" value="52.0"/>
    <property name="sun.management.compiler" value="HotSpot 64-Bit Tiered Compilers"/>
    <property name="os.version" value="10.0"/>
    <property name="user.home" value="C:\Users\hertzg"/>
    <property name="user.timezone" value="Europe/Berlin"/>
    <property name="java.awt.printerjob" value="sun.awt.windows.WPrinterJob"/>
    <property name="java.specification.version" value="1.8"/>
    <property name="file.encoding" value="Cp1252"/>
    <property name="user.name" value="hertzg"/>
    <property name="java.class.path" value="/C:/Users/hertzg/Documents/Lernstoff/eclipse/plugins/org.eclipse.m2e.maven.runtime_1.8.0.20170516-2042/jars/plexus-classworlds-2.5.2.jar"/>
    <property name="java.vm.specification.version" value="1.8"/>
    <property name="sun.arch.data.model" value="64"/>
    <property name="java.home" value="C:\Program Files\Java\jdk8u242-b08\jre"/>
    <property name="sun.java.command" value="org.codehaus.plexus.classworlds.launcher.Launcher -B install"/>
    <property name="java.specification.vendor" value="Oracle Corporation"/>
    <property name="user.language" value="de"/>
    <property name="awt.toolkit" value="sun.awt.windows.WToolkit"/>
    <property name="java.vm.info" value="mixed mode"/>
    <property name="java.version" value="1.8.0_242"/>
    <property name="java.ext.dirs" value="C:\Program Files\Java\jdk8u242-b08\jre\lib\ext;C:\WINDOWS\Sun\Java\lib\ext"/>
    <property name="sun.boot.class.path" value="C:\Program Files\Java\jdk8u242-b08\jre\lib\resources.jar;C:\Program Files\Java\jdk8u242-b08\jre\lib\rt.jar;C:\Program Files\Java\jdk8u242-b08\jre\lib\sunrsasign.jar;C:\Program Files\Java\jdk8u242-b08\jre\lib\jsse.jar;C:\Program Files\Java\jdk8u242-b08\jre\lib\jce.jar;C:\Program Files\Java\jdk8u242-b08\jre\lib\charsets.jar;C:\Program Files\Java\jdk8u242-b08\jre\lib\jfr.jar;C:\Program Files\Java\jdk8u242-b08\jre\classes"/>
    <property name="java.vendor" value="AdoptOpenJDK"/>
    <property name="maven.home" value="C:\Users\hertzg\Documents\GitHub\Preisfindung_Aktie_Auktionsphase\Exchange\EMBEDDED"/>
    <property name="file.separator" value="\"/>
    <property name="java.vendor.url.bug" value="http://bugreport.sun.com/bugreport/"/>
    <property name="sun.cpu.endian" value="little"/>
    <property name="sun.io.unicode.encoding" value="UnicodeLittle"/>
    <property name="sun.desktop" value="windows"/>
    <property name="sun.cpu.isalist" value="amd64"/>
  </properties>
  <testcase classname="com.georghs.vertx.exchange.BasicWebVerticleTest" name="testApp" time="0.002"/>
</testsuite>